<?xml version="1.0" encoding="UTF-8"?>
<coverage generated="1729820400236" clover="3.2.0">
  <project timestamp="1729820400236" name="All files">
    <metrics statements="234" coveredstatements="214" conditionals="89" coveredconditionals="74" methods="72" coveredmethods="59" elements="395" coveredelements="347" complexity="0" loc="234" ncloc="234" packages="3" files="16" classes="16"/>
    <package name="constants">
      <metrics statements="8" coveredstatements="8" conditionals="5" coveredconditionals="5" methods="1" coveredmethods="1"/>
      <file name="routes.js" path="/Volumes/SAVE/www/courses/openclassrooms/oc-react/OC_Project09_Nephelim_Cohen/oc-09-billed/src/constants/routes.js">
        <metrics statements="8" coveredstatements="8" conditionals="5" coveredconditionals="5" methods="1" coveredmethods="1"/>
        <line num="6" count="6" type="stmt"/>
        <line num="13" count="6" type="stmt"/>
        <line num="14" count="36" type="cond" truecount="5" falsecount="0"/>
        <line num="16" count="9" type="stmt"/>
        <line num="18" count="11" type="stmt"/>
        <line num="20" count="3" type="stmt"/>
        <line num="22" count="12" type="stmt"/>
        <line num="24" count="1" type="stmt"/>
      </file>
      <file name="usersTest.js" path="/Volumes/SAVE/www/courses/openclassrooms/oc-react/OC_Project09_Nephelim_Cohen/oc-09-billed/src/constants/usersTest.js">
        <metrics statements="0" coveredstatements="0" conditionals="0" coveredconditionals="0" methods="0" coveredmethods="0"/>
      </file>
    </package>
    <package name="containers">
      <metrics statements="198" coveredstatements="178" conditionals="54" coveredconditionals="39" methods="56" coveredmethods="43"/>
      <file name="Bills.js" path="/Volumes/SAVE/www/courses/openclassrooms/oc-react/OC_Project09_Nephelim_Cohen/oc-09-billed/src/containers/Bills.js">
        <metrics statements="27" coveredstatements="25" conditionals="6" coveredconditionals="4" methods="9" coveredmethods="9"/>
        <line num="7" count="10" type="stmt"/>
        <line num="8" count="10" type="stmt"/>
        <line num="9" count="10" type="stmt"/>
        <line num="10" count="10" type="stmt"/>
        <line num="11" count="10" type="cond" truecount="2" falsecount="0"/>
        <line num="12" count="10" type="stmt"/>
        <line num="13" count="10" type="cond" truecount="1" falsecount="1"/>
        <line num="14" count="20" type="stmt"/>
        <line num="16" count="10" type="stmt"/>
        <line num="19" count="10" type="stmt"/>
        <line num="20" count="2" type="stmt"/>
        <line num="23" count="10" type="stmt"/>
        <line num="24" count="2" type="stmt"/>
        <line num="25" count="2" type="stmt"/>
        <line num="26" count="2" type="stmt"/>
        <line num="27" count="2" type="stmt"/>
        <line num="30" count="10" type="stmt"/>
        <line num="31" count="5" type="cond" truecount="1" falsecount="1"/>
        <line num="32" count="5" type="stmt"/>
        <line num="36" count="3" type="stmt"/>
        <line num="37" count="18" type="stmt"/>
        <line num="39" count="12" type="stmt"/>
        <line num="40" count="12" type="stmt"/>
        <line num="48" count="0" type="stmt"/>
        <line num="49" count="0" type="stmt"/>
        <line num="56" count="3" type="stmt"/>
        <line num="57" count="3" type="stmt"/>
      </file>
      <file name="Dashboard.js" path="/Volumes/SAVE/www/courses/openclassrooms/oc-react/OC_Project09_Nephelim_Cohen/oc-09-billed/src/containers/Dashboard.js">
        <metrics statements="73" coveredstatements="69" conditionals="35" coveredconditionals="27" methods="24" coveredmethods="19"/>
        <line num="8" count="6" type="stmt"/>
        <line num="9" count="49" type="cond" truecount="4" falsecount="0"/>
        <line num="14" count="124" type="cond" truecount="1" falsecount="1"/>
        <line num="15" count="124" type="stmt"/>
        <line num="20" count="0" type="stmt"/>
        <line num="21" count="0" type="stmt"/>
        <line num="26" count="124" type="stmt"/>
        <line num="30" count="6" type="stmt"/>
        <line num="31" count="6" type="stmt"/>
        <line num="32" count="6" type="cond" truecount="1" falsecount="1"/>
        <line num="34" count="6" type="cond" truecount="1" falsecount="1"/>
        <line num="37" count="6" type="stmt"/>
        <line num="55" count="6" type="stmt"/>
        <line num="56" count="6" type="cond" truecount="4" falsecount="0"/>
        <line num="59" count="6" type="stmt"/>
        <line num="60" count="10" type="cond" truecount="3" falsecount="0"/>
        <line num="62" count="6" type="stmt"/>
        <line num="64" count="2" type="stmt"/>
        <line num="66" count="2" type="stmt"/>
        <line num="72" count="14" type="stmt"/>
        <line num="73" count="14" type="stmt"/>
        <line num="74" count="14" type="stmt"/>
        <line num="75" count="14" type="stmt"/>
        <line num="76" count="14" type="stmt"/>
        <line num="77" count="14" type="stmt"/>
        <line num="78" count="14" type="stmt"/>
        <line num="81" count="14" type="stmt"/>
        <line num="82" count="1" type="stmt"/>
        <line num="83" count="1" type="stmt"/>
        <line num="84" count="1" type="stmt"/>
        <line num="85" count="1" type="cond" truecount="1" falsecount="1"/>
        <line num="89" count="3" type="cond" truecount="4" falsecount="0"/>
        <line num="90" count="3" type="cond" truecount="4" falsecount="0"/>
        <line num="91" count="3" type="cond" truecount="2" falsecount="0"/>
        <line num="92" count="2" type="stmt"/>
        <line num="93" count="8" type="stmt"/>
        <line num="95" count="2" type="stmt"/>
        <line num="96" count="2" type="stmt"/>
        <line num="97" count="2" type="stmt"/>
        <line num="98" count="2" type="stmt"/>
        <line num="100" count="1" type="stmt"/>
        <line num="102" count="1" type="stmt"/>
        <line num="105" count="1" type="stmt"/>
        <line num="106" count="1" type="stmt"/>
        <line num="108" count="3" type="stmt"/>
        <line num="109" count="3" type="stmt"/>
        <line num="110" count="3" type="stmt"/>
        <line num="113" count="14" type="stmt"/>
        <line num="114" count="1" type="stmt"/>
        <line num="119" count="1" type="stmt"/>
        <line num="120" count="1" type="stmt"/>
        <line num="123" count="14" type="stmt"/>
        <line num="124" count="1" type="stmt"/>
        <line num="129" count="1" type="stmt"/>
        <line num="130" count="1" type="stmt"/>
        <line num="134" count="5" type="stmt"/>
        <line num="135" count="5" type="stmt"/>
        <line num="138" count="5" type="stmt"/>
        <line num="141" count="5" type="cond" truecount="1" falsecount="1"/>
        <line num="142" count="0" type="stmt"/>
        <line num="143" count="0" type="stmt"/>
        <line num="148" count="5" type="stmt"/>
        <line num="149" count="5" type="stmt"/>
        <line num="152" count="5" type="stmt"/>
        <line num="153" count="6" type="stmt"/>
        <line num="157" count="5" type="stmt"/>
        <line num="160" count="14" type="stmt"/>
        <line num="161" count="5" type="cond" truecount="1" falsecount="1"/>
        <line num="162" count="5" type="stmt"/>
        <line num="166" count="3" type="stmt"/>
        <line num="167" count="12" type="stmt"/>
        <line num="173" count="3" type="stmt"/>
        <line num="176" count="2" type="stmt"/>
      </file>
      <file name="Login.js" path="/Volumes/SAVE/www/courses/openclassrooms/oc-react/OC_Project09_Nephelim_Cohen/oc-09-billed/src/containers/Login.js">
        <metrics statements="41" coveredstatements="30" conditionals="4" coveredconditionals="0" methods="11" coveredmethods="5"/>
        <line num="3" count="3" type="stmt"/>
        <line num="8" count="4" type="stmt"/>
        <line num="9" count="4" type="stmt"/>
        <line num="10" count="4" type="stmt"/>
        <line num="11" count="4" type="stmt"/>
        <line num="12" count="4" type="stmt"/>
        <line num="13" count="4" type="stmt"/>
        <line num="14" count="4" type="stmt"/>
        <line num="15" count="4" type="stmt"/>
        <line num="16" count="4" type="stmt"/>
        <line num="18" count="4" type="stmt"/>
        <line num="19" count="2" type="stmt"/>
        <line num="20" count="2" type="stmt"/>
        <line num="26" count="2" type="stmt"/>
        <line num="27" count="2" type="stmt"/>
        <line num="29" count="0" type="stmt"/>
        <line num="32" count="2" type="stmt"/>
        <line num="33" count="2" type="stmt"/>
        <line num="34" count="2" type="stmt"/>
        <line num="35" count="2" type="stmt"/>
        <line num="40" count="4" type="stmt"/>
        <line num="41" count="2" type="stmt"/>
        <line num="42" count="2" type="stmt"/>
        <line num="48" count="2" type="stmt"/>
        <line num="49" count="2" type="stmt"/>
        <line num="51" count="0" type="stmt"/>
        <line num="54" count="2" type="stmt"/>
        <line num="55" count="2" type="stmt"/>
        <line num="56" count="2" type="stmt"/>
        <line num="57" count="2" type="stmt"/>
        <line num="62" count="4" type="stmt"/>
        <line num="63" count="0" type="cond" truecount="0" falsecount="2"/>
        <line num="64" count="0" type="stmt"/>
        <line num="69" count="0" type="stmt"/>
        <line num="72" count="0" type="stmt"/>
        <line num="77" count="4" type="stmt"/>
        <line num="78" count="0" type="cond" truecount="0" falsecount="2"/>
        <line num="79" count="0" type="stmt"/>
        <line num="90" count="0" type="stmt"/>
        <line num="91" count="0" type="stmt"/>
        <line num="94" count="0" type="stmt"/>
      </file>
      <file name="Logout.js" path="/Volumes/SAVE/www/courses/openclassrooms/oc-react/OC_Project09_Nephelim_Cohen/oc-09-billed/src/containers/Logout.js">
        <metrics statements="7" coveredstatements="7" conditionals="0" coveredconditionals="0" methods="2" coveredmethods="2"/>
        <line num="5" count="27" type="stmt"/>
        <line num="6" count="27" type="stmt"/>
        <line num="7" count="27" type="stmt"/>
        <line num="8" count="27" type="stmt"/>
        <line num="11" count="27" type="stmt"/>
        <line num="12" count="2" type="stmt"/>
        <line num="13" count="2" type="stmt"/>
      </file>
      <file name="NewBill.js" path="/Volumes/SAVE/www/courses/openclassrooms/oc-react/OC_Project09_Nephelim_Cohen/oc-09-billed/src/containers/NewBill.js">
        <metrics statements="50" coveredstatements="47" conditionals="9" coveredconditionals="8" methods="10" coveredmethods="8"/>
        <line num="6" count="2" type="stmt"/>
        <line num="7" count="2" type="stmt"/>
        <line num="8" count="2" type="stmt"/>
        <line num="9" count="2" type="stmt"/>
        <line num="10" count="2" type="stmt"/>
        <line num="11" count="2" type="stmt"/>
        <line num="12" count="2" type="stmt"/>
        <line num="13" count="2" type="stmt"/>
        <line num="14" count="2" type="stmt"/>
        <line num="15" count="2" type="stmt"/>
        <line num="16" count="2" type="stmt"/>
        <line num="19" count="7" type="cond" truecount="1" falsecount="0"/>
        <line num="21" count="2" type="stmt"/>
        <line num="22" count="2" type="stmt"/>
        <line num="23" count="2" type="stmt"/>
        <line num="24" count="2" type="stmt"/>
        <line num="25" count="2" type="stmt"/>
        <line num="26" count="2" type="stmt"/>
        <line num="27" count="2" type="stmt"/>
        <line num="28" count="2" type="stmt"/>
        <line num="31" count="2" type="stmt"/>
        <line num="32" count="2" type="stmt"/>
        <line num="33" count="2" type="cond" truecount="2" falsecount="0"/>
        <line num="34" count="1" type="stmt"/>
        <line num="35" count="1" type="stmt"/>
        <line num="36" count="1" type="stmt"/>
        <line num="39" count="1" type="stmt"/>
        <line num="40" count="1" type="stmt"/>
        <line num="41" count="1" type="stmt"/>
        <line num="43" count="1" type="stmt"/>
        <line num="46" count="2" type="stmt"/>
        <line num="47" count="1" type="stmt"/>
        <line num="48" count="1" type="stmt"/>
        <line num="49" count="1" type="stmt"/>
        <line num="50" count="1" type="stmt"/>
        <line num="63" count="1" type="stmt"/>
        <line num="64" count="1" type="stmt"/>
        <line num="67" count="2" type="stmt"/>
        <line num="68" count="4" type="cond" truecount="2" falsecount="0"/>
        <line num="69" count="3" type="stmt"/>
        <line num="78" count="1" type="stmt"/>
        <line num="79" count="1" type="stmt"/>
        <line num="80" count="1" type="stmt"/>
        <line num="83" count="2" type="stmt"/>
        <line num="84" count="2" type="stmt"/>
        <line num="90" count="2" type="stmt"/>
        <line num="91" count="1" type="cond" truecount="1" falsecount="1"/>
        <line num="92" count="0" type="stmt"/>
        <line num="96" count="0" type="stmt"/>
        <line num="98" count="0" type="stmt"/>
      </file>
    </package>
    <package name="views">
      <metrics statements="28" coveredstatements="28" conditionals="30" coveredconditionals="30" methods="15" coveredmethods="15"/>
      <file name="Actions.js" path="/Volumes/SAVE/www/courses/openclassrooms/oc-react/OC_Project09_Nephelim_Cohen/oc-09-billed/src/views/Actions.js">
        <metrics statements="1" coveredstatements="1" conditionals="0" coveredconditionals="0" methods="1" coveredmethods="1"/>
        <line num="5" count="26" type="stmt"/>
      </file>
      <file name="BillsUI.js" path="/Volumes/SAVE/www/courses/openclassrooms/oc-react/OC_Project09_Nephelim_Cohen/oc-09-billed/src/views/BillsUI.js">
        <metrics statements="10" coveredstatements="10" conditionals="8" coveredconditionals="8" methods="6" coveredmethods="6"/>
        <line num="7" count="6" type="stmt"/>
        <line num="8" count="24" type="stmt"/>
        <line num="22" count="6" type="stmt"/>
        <line num="23" count="24" type="cond" truecount="4" falsecount="0"/>
        <line num="28" count="17" type="stmt"/>
        <line num="45" count="17" type="cond" truecount="2" falsecount="0"/>
        <line num="46" count="5" type="stmt"/>
        <line num="47" count="12" type="cond" truecount="2" falsecount="0"/>
        <line num="48" count="2" type="stmt"/>
        <line num="51" count="10" type="stmt"/>
      </file>
      <file name="DashboardFormUI.js" path="/Volumes/SAVE/www/courses/openclassrooms/oc-react/OC_Project09_Nephelim_Cohen/oc-09-billed/src/views/DashboardFormUI.js">
        <metrics statements="2" coveredstatements="2" conditionals="4" coveredconditionals="4" methods="2" coveredmethods="2"/>
        <line num="7" count="9" type="stmt"/>
        <line num="26" count="9" type="stmt"/>
      </file>
      <file name="DashboardUI.js" path="/Volumes/SAVE/www/courses/openclassrooms/oc-react/OC_Project09_Nephelim_Cohen/oc-09-billed/src/views/DashboardUI.js">
        <metrics statements="5" coveredstatements="5" conditionals="10" coveredconditionals="10" methods="1" coveredmethods="1"/>
        <line num="10" count="21" type="cond" truecount="2" falsecount="0"/>
        <line num="11" count="6" type="stmt"/>
        <line num="12" count="15" type="cond" truecount="2" falsecount="0"/>
        <line num="13" count="3" type="stmt"/>
        <line num="16" count="12" type="stmt"/>
      </file>
      <file name="ErrorPage.js" path="/Volumes/SAVE/www/courses/openclassrooms/oc-react/OC_Project09_Nephelim_Cohen/oc-09-billed/src/views/ErrorPage.js">
        <metrics statements="1" coveredstatements="1" conditionals="2" coveredconditionals="2" methods="1" coveredmethods="1"/>
        <line num="4" count="7" type="stmt"/>
      </file>
      <file name="LoadingPage.js" path="/Volumes/SAVE/www/courses/openclassrooms/oc-react/OC_Project09_Nephelim_Cohen/oc-09-billed/src/views/LoadingPage.js">
        <metrics statements="1" coveredstatements="1" conditionals="0" coveredconditionals="0" methods="1" coveredmethods="1"/>
        <line num="5" count="12" type="stmt"/>
      </file>
      <file name="LoginUI.js" path="/Volumes/SAVE/www/courses/openclassrooms/oc-react/OC_Project09_Nephelim_Cohen/oc-09-billed/src/views/LoginUI.js">
        <metrics statements="1" coveredstatements="1" conditionals="0" coveredconditionals="0" methods="1" coveredmethods="1"/>
        <line num="4" count="16" type="stmt"/>
      </file>
      <file name="NewBillUI.js" path="/Volumes/SAVE/www/courses/openclassrooms/oc-react/OC_Project09_Nephelim_Cohen/oc-09-billed/src/views/NewBillUI.js">
        <metrics statements="1" coveredstatements="1" conditionals="0" coveredconditionals="0" methods="1" coveredmethods="1"/>
        <line num="5" count="5" type="stmt"/>
      </file>
      <file name="VerticalLayout.js" path="/Volumes/SAVE/www/courses/openclassrooms/oc-react/OC_Project09_Nephelim_Cohen/oc-09-billed/src/views/VerticalLayout.js">
        <metrics statements="6" coveredstatements="6" conditionals="6" coveredconditionals="6" methods="1" coveredmethods="1"/>
        <line num="7" count="47" type="stmt"/>
        <line num="8" count="47" type="cond" truecount="2" falsecount="0"/>
        <line num="9" count="35" type="stmt"/>
        <line num="11" count="47" type="cond" truecount="4" falsecount="0"/>
        <line num="12" count="19" type="stmt"/>
        <line num="29" count="28" type="stmt"/>
      </file>
    </package>
  </project>
</coverage>
